{"C:\\Users\\Cecilia\\Desktop\\codecool\\projects\\jest-the-beginning-fsapi\\simple\\findUnique.js": {"path":"C:\\Users\\Cecilia\\Desktop\\codecool\\projects\\jest-the-beginning-fsapi\\simple\\findUnique.js","statementMap":{"0":{"start":{"line":2,"column":20},"end":{"line":2,"column":30}},"1":{"start":{"line":3,"column":21},"end":{"line":3,"column":31}},"2":{"start":{"line":5,"column":2},"end":{"line":20,"column":3}},"3":{"start":{"line":6,"column":4},"end":{"line":6,"column":31}},"4":{"start":{"line":7,"column":4},"end":{"line":12,"column":5}},"5":{"start":{"line":7,"column":17},"end":{"line":7,"column":18}},"6":{"start":{"line":8,"column":26},"end":{"line":8,"column":36}},"7":{"start":{"line":9,"column":6},"end":{"line":11,"column":7}},"8":{"start":{"line":10,"column":8},"end":{"line":10,"column":28}},"9":{"start":{"line":14,"column":22},"end":{"line":14,"column":32}},"10":{"start":{"line":15,"column":4},"end":{"line":19,"column":5}},"11":{"start":{"line":16,"column":6},"end":{"line":16,"column":24}},"12":{"start":{"line":18,"column":6},"end":{"line":18,"column":25}},"13":{"start":{"line":23,"column":0},"end":{"line":23,"column":25}}},"fnMap":{"0":{"name":"findUniq","decl":{"start":{"line":1,"column":9},"end":{"line":1,"column":17}},"loc":{"start":{"line":1,"column":27},"end":{"line":21,"column":1}},"line":1}},"branchMap":{"0":{"loc":{"start":{"line":5,"column":2},"end":{"line":20,"column":3}},"type":"if","locations":[{"start":{"line":5,"column":2},"end":{"line":20,"column":3}},{"start":{"line":5,"column":2},"end":{"line":20,"column":3}}],"line":5},"1":{"loc":{"start":{"line":9,"column":6},"end":{"line":11,"column":7}},"type":"if","locations":[{"start":{"line":9,"column":6},"end":{"line":11,"column":7}},{"start":{"line":9,"column":6},"end":{"line":11,"column":7}}],"line":9},"2":{"loc":{"start":{"line":15,"column":4},"end":{"line":19,"column":5}},"type":"if","locations":[{"start":{"line":15,"column":4},"end":{"line":19,"column":5}},{"start":{"line":15,"column":4},"end":{"line":19,"column":5}}],"line":15}},"s":{"0":8,"1":8,"2":8,"3":4,"4":4,"5":4,"6":12,"7":12,"8":2,"9":4,"10":4,"11":2,"12":2,"13":1},"f":{"0":8},"b":{"0":[4,4],"1":[2,10],"2":[2,2]},"_coverageSchema":"1a1c01bbd47fc00a2c39e90264f33305004495a9","hash":"7f2145e2c04eb4db79a1fceae21102a6705597b6"}
,"C:\\Users\\Cecilia\\Desktop\\codecool\\projects\\jest-the-beginning-fsapi\\simple\\maxDiff.js": {"path":"C:\\Users\\Cecilia\\Desktop\\codecool\\projects\\jest-the-beginning-fsapi\\simple\\maxDiff.js","statementMap":{"0":{"start":{"line":2,"column":2},"end":{"line":4,"column":3}},"1":{"start":{"line":3,"column":4},"end":{"line":3,"column":12}},"2":{"start":{"line":6,"column":23},"end":{"line":6,"column":30}},"3":{"start":{"line":7,"column":22},"end":{"line":7,"column":29}},"4":{"start":{"line":9,"column":2},"end":{"line":17,"column":3}},"5":{"start":{"line":9,"column":15},"end":{"line":9,"column":16}},"6":{"start":{"line":10,"column":24},"end":{"line":10,"column":31}},"7":{"start":{"line":11,"column":4},"end":{"line":13,"column":5}},"8":{"start":{"line":12,"column":6},"end":{"line":12,"column":36}},"9":{"start":{"line":14,"column":4},"end":{"line":16,"column":5}},"10":{"start":{"line":15,"column":6},"end":{"line":15,"column":35}},"11":{"start":{"line":19,"column":2},"end":{"line":19,"column":39}},"12":{"start":{"line":22,"column":0},"end":{"line":22,"column":24}}},"fnMap":{"0":{"name":"maxDiff","decl":{"start":{"line":1,"column":9},"end":{"line":1,"column":16}},"loc":{"start":{"line":1,"column":23},"end":{"line":20,"column":1}},"line":1}},"branchMap":{"0":{"loc":{"start":{"line":2,"column":2},"end":{"line":4,"column":3}},"type":"if","locations":[{"start":{"line":2,"column":2},"end":{"line":4,"column":3}},{"start":{"line":2,"column":2},"end":{"line":4,"column":3}}],"line":2},"1":{"loc":{"start":{"line":2,"column":6},"end":{"line":2,"column":44}},"type":"binary-expr","locations":[{"start":{"line":2,"column":6},"end":{"line":2,"column":23}},{"start":{"line":2,"column":27},"end":{"line":2,"column":44}}],"line":2},"2":{"loc":{"start":{"line":11,"column":4},"end":{"line":13,"column":5}},"type":"if","locations":[{"start":{"line":11,"column":4},"end":{"line":13,"column":5}},{"start":{"line":11,"column":4},"end":{"line":13,"column":5}}],"line":11},"3":{"loc":{"start":{"line":14,"column":4},"end":{"line":16,"column":5}},"type":"if","locations":[{"start":{"line":14,"column":4},"end":{"line":16,"column":5}},{"start":{"line":14,"column":4},"end":{"line":16,"column":5}}],"line":14}},"s":{"0":3,"1":2,"2":1,"3":1,"4":1,"5":1,"6":3,"7":3,"8":1,"9":3,"10":1,"11":1,"12":1},"f":{"0":3},"b":{"0":[2,1],"1":[3,2],"2":[1,2],"3":[1,2]},"_coverageSchema":"1a1c01bbd47fc00a2c39e90264f33305004495a9","hash":"debdba9f00a57e4b6f1a05d98d974218ca20fd68"}
,"C:\\Users\\Cecilia\\Desktop\\codecool\\projects\\jest-the-beginning-fsapi\\simple\\monkeyTalk.js": {"path":"C:\\Users\\Cecilia\\Desktop\\codecool\\projects\\jest-the-beginning-fsapi\\simple\\monkeyTalk.js","statementMap":{"0":{"start":{"line":1,"column":0},"end":{"line":3,"column":1}},"1":{"start":{"line":2,"column":4},"end":{"line":2,"column":56}},"2":{"start":{"line":5,"column":19},"end":{"line":9,"column":21}},"3":{"start":{"line":5,"column":29},"end":{"line":9,"column":21}},"4":{"start":{"line":7,"column":15},"end":{"line":7,"column":59}},"5":{"start":{"line":11,"column":2},"end":{"line":11,"column":29}}},"fnMap":{"0":{"name":"(anonymous_0)","decl":{"start":{"line":1,"column":30},"end":{"line":1,"column":31}},"loc":{"start":{"line":1,"column":41},"end":{"line":3,"column":1}},"line":1},"1":{"name":"(anonymous_1)","decl":{"start":{"line":5,"column":19},"end":{"line":5,"column":20}},"loc":{"start":{"line":5,"column":29},"end":{"line":9,"column":21}},"line":5},"2":{"name":"(anonymous_2)","decl":{"start":{"line":7,"column":7},"end":{"line":7,"column":8}},"loc":{"start":{"line":7,"column":15},"end":{"line":7,"column":59}},"line":7}},"branchMap":{"0":{"loc":{"start":{"line":7,"column":15},"end":{"line":7,"column":59}},"type":"cond-expr","locations":[{"start":{"line":7,"column":46},"end":{"line":7,"column":51}},{"start":{"line":7,"column":54},"end":{"line":7,"column":59}}],"line":7}},"s":{"0":1,"1":4,"2":1,"3":4,"4":4,"5":1},"f":{"0":4,"1":4,"2":4},"b":{"0":[3,1]},"_coverageSchema":"1a1c01bbd47fc00a2c39e90264f33305004495a9","hash":"dc4a8da783c455860fa3053fbce6285e470a6059"}
,"C:\\Users\\Cecilia\\Desktop\\codecool\\projects\\jest-the-beginning-fsapi\\simple\\palindromeChainLength.js": {"path":"C:\\Users\\Cecilia\\Desktop\\codecool\\projects\\jest-the-beginning-fsapi\\simple\\palindromeChainLength.js","statementMap":{"0":{"start":{"line":1,"column":20},"end":{"line":7,"column":1}},"1":{"start":{"line":2,"column":23},"end":{"line":2,"column":34}},"2":{"start":{"line":3,"column":22},"end":{"line":3,"column":46}},"3":{"start":{"line":4,"column":30},"end":{"line":4,"column":53}},"4":{"start":{"line":5,"column":31},"end":{"line":5,"column":61}},"5":{"start":{"line":6,"column":2},"end":{"line":6,"column":41}},"6":{"start":{"line":9,"column":19},"end":{"line":12,"column":1}},"7":{"start":{"line":10,"column":23},"end":{"line":10,"column":44}},"8":{"start":{"line":11,"column":2},"end":{"line":11,"column":34}},"9":{"start":{"line":14,"column":28},"end":{"line":32,"column":1}},"10":{"start":{"line":15,"column":2},"end":{"line":17,"column":3}},"11":{"start":{"line":16,"column":4},"end":{"line":16,"column":12}},"12":{"start":{"line":19,"column":20},"end":{"line":19,"column":21}},"13":{"start":{"line":20,"column":19},"end":{"line":20,"column":25}},"14":{"start":{"line":21,"column":23},"end":{"line":21,"column":27}},"15":{"start":{"line":22,"column":2},"end":{"line":31,"column":3}},"16":{"start":{"line":22,"column":15},"end":{"line":22,"column":16}},"17":{"start":{"line":23,"column":4},"end":{"line":23,"column":17}},"18":{"start":{"line":24,"column":4},"end":{"line":24,"column":46}},"19":{"start":{"line":25,"column":27},"end":{"line":25,"column":54}},"20":{"start":{"line":26,"column":4},"end":{"line":30,"column":5}},"21":{"start":{"line":27,"column":6},"end":{"line":27,"column":24}},"22":{"start":{"line":29,"column":6},"end":{"line":29,"column":35}},"23":{"start":{"line":34,"column":0},"end":{"line":34,"column":38}}},"fnMap":{"0":{"name":"(anonymous_0)","decl":{"start":{"line":1,"column":20},"end":{"line":1,"column":21}},"loc":{"start":{"line":1,"column":37},"end":{"line":7,"column":1}},"line":1},"1":{"name":"(anonymous_1)","decl":{"start":{"line":9,"column":19},"end":{"line":9,"column":20}},"loc":{"start":{"line":9,"column":36},"end":{"line":12,"column":1}},"line":9},"2":{"name":"(anonymous_2)","decl":{"start":{"line":14,"column":28},"end":{"line":14,"column":29}},"loc":{"start":{"line":14,"column":45},"end":{"line":32,"column":1}},"line":14}},"branchMap":{"0":{"loc":{"start":{"line":15,"column":2},"end":{"line":17,"column":3}},"type":"if","locations":[{"start":{"line":15,"column":2},"end":{"line":17,"column":3}},{"start":{"line":15,"column":2},"end":{"line":17,"column":3}}],"line":15},"1":{"loc":{"start":{"line":26,"column":4},"end":{"line":30,"column":5}},"type":"if","locations":[{"start":{"line":26,"column":4},"end":{"line":30,"column":5}},{"start":{"line":26,"column":4},"end":{"line":30,"column":5}}],"line":26}},"s":{"0":1,"1":23,"2":23,"3":23,"4":23,"5":23,"6":1,"7":15,"8":15,"9":1,"10":7,"11":2,"12":5,"13":5,"14":5,"15":5,"16":5,"17":8,"18":8,"19":8,"20":8,"21":5,"22":3,"23":1},"f":{"0":23,"1":15,"2":7},"b":{"0":[2,5],"1":[5,3]},"_coverageSchema":"1a1c01bbd47fc00a2c39e90264f33305004495a9","hash":"57548f1ce1f86161ef2d0b197b0445bb56f36e79"}
}
