TN:
SF:simple\findUnique.js
FN:1,findUniq
FNF:1
FNH:1
FNDA:8,findUniq
DA:2,8
DA:3,8
DA:5,8
DA:6,4
DA:7,4
DA:8,12
DA:9,12
DA:10,2
DA:14,4
DA:15,4
DA:16,2
DA:18,2
DA:23,1
LF:13
LH:13
BRDA:5,0,0,4
BRDA:5,0,1,4
BRDA:9,1,0,2
BRDA:9,1,1,10
BRDA:15,2,0,2
BRDA:15,2,1,2
BRF:6
BRH:6
end_of_record
TN:
SF:simple\gps.js
FN:1,gps
FNF:1
FNH:1
FNDA:2,gps
DA:2,2
DA:3,2
DA:4,2
DA:5,5
DA:6,5
DA:7,3
DA:8,3
DA:9,3
DA:12,2
DA:13,2
DA:14,3
DA:15,2
DA:18,2
DA:21,1
LF:14
LH:14
BRDA:6,0,0,3
BRDA:6,0,1,2
BRDA:14,1,0,2
BRDA:14,1,1,1
BRF:4
BRH:4
end_of_record
TN:
SF:simple\maxDiff.js
FN:1,maxDiff
FNF:1
FNH:1
FNDA:6,maxDiff
DA:2,6
DA:3,4
DA:6,2
DA:7,2
DA:9,2
DA:10,6
DA:11,6
DA:12,2
DA:14,6
DA:15,2
DA:19,2
DA:22,1
LF:12
LH:12
BRDA:2,0,0,4
BRDA:2,0,1,2
BRDA:2,1,0,6
BRDA:2,1,1,4
BRDA:11,2,0,2
BRDA:11,2,1,4
BRDA:14,3,0,2
BRDA:14,3,1,4
BRF:8
BRH:8
end_of_record
TN:
SF:simple\monkeyTalk.js
FN:1,(anonymous_0)
FN:5,(anonymous_1)
FN:7,(anonymous_2)
FNF:3
FNH:3
FNDA:4,(anonymous_0)
FNDA:4,(anonymous_1)
FNDA:4,(anonymous_2)
DA:1,1
DA:2,4
DA:5,4
DA:7,4
DA:11,1
LF:5
LH:5
BRDA:7,0,0,3
BRDA:7,0,1,1
BRF:2
BRH:2
end_of_record
TN:
SF:simple\palindromeChainLength.js
FN:1,(anonymous_0)
FN:9,(anonymous_1)
FN:14,(anonymous_2)
FNF:3
FNH:3
FNDA:23,(anonymous_0)
FNDA:15,(anonymous_1)
FNDA:7,(anonymous_2)
DA:1,1
DA:2,23
DA:3,23
DA:4,23
DA:5,23
DA:6,23
DA:9,1
DA:10,15
DA:11,15
DA:14,1
DA:15,7
DA:16,2
DA:19,5
DA:20,5
DA:21,5
DA:22,5
DA:23,8
DA:24,8
DA:25,8
DA:26,8
DA:27,5
DA:29,3
DA:34,1
LF:23
LH:23
BRDA:15,0,0,2
BRDA:15,0,1,5
BRDA:26,1,0,5
BRDA:26,1,1,3
BRF:4
BRH:4
end_of_record
TN:
SF:simple\uniqueInOrder.js
FN:1,(anonymous_0)
FNF:1
FNH:1
FNDA:6,(anonymous_0)
DA:1,1
DA:2,6
DA:3,6
DA:4,8
DA:5,8
DA:6,8
DA:7,4
DA:9,4
DA:10,2
DA:14,6
DA:17,1
LF:11
LH:11
BRDA:6,0,0,4
BRDA:6,0,1,4
BRDA:9,1,0,2
BRDA:9,1,1,2
BRF:4
BRH:4
end_of_record
